{"level":"INFO","ts":"2026-03-25 09:54:42","caller":"middleware/logger.go:17","msg":"-->","service":"gateway","method":"POST","path":"/v1/auth/register","ip":"127.0.0.1"}
{"level":"INFO","ts":"2026-03-25 09:54:42","caller":"gin@v1.12.0/context.go:192","msg":"trace start","service":"gateway","traceID":"1774403682484659000","path":"/v1/auth/register"}
{"level":"INFO","ts":"2026-03-25 09:54:42","caller":"gin@v1.12.0/context.go:192","msg":"trace end","service":"gateway","traceID":"1774403682484659000","path":"/v1/auth/register","status":200,"latency":0.000056584}
{"level":"INFO","ts":"2026-03-25 09:54:42","caller":"middleware/logger.go:26","msg":"<--","service":"gateway","method":"POST","path":"/v1/auth/register","status":200,"latency":0.001117958}
{"level":"INFO","ts":"2026-03-25 10:18:44","caller":"middleware/logger.go:17","msg":"-->","service":"gateway","method":"POST","path":"/v1/auth/register","ip":"127.0.0.1"}
{"level":"INFO","ts":"2026-03-25 10:18:44","caller":"gin@v1.12.0/context.go:192","msg":"permission passed","service":"gateway","userID":0}
{"level":"INFO","ts":"2026-03-25 10:18:44","caller":"gin@v1.12.0/context.go:192","msg":"trace start","service":"gateway","traceID":"1774405124002656000","path":"/v1/auth/register"}
{"level":"INFO","ts":"2026-03-25 10:18:44","caller":"gin@v1.12.0/context.go:192","msg":"trace end","service":"gateway","traceID":"1774405124002656000","path":"/v1/auth/register","status":200,"latency":0.000063625}
{"level":"INFO","ts":"2026-03-25 10:18:44","caller":"middleware/logger.go:26","msg":"<--","service":"gateway","method":"POST","path":"/v1/auth/register","status":200,"latency":0.001612125}
{"level":"INFO","ts":"2026-03-25 10:31:35","caller":"middleware/logger.go:17","msg":"-->","service":"gateway","method":"POST","path":"/v1/auth/register","ip":"127.0.0.1"}
{"level":"INFO","ts":"2026-03-25 10:31:35","caller":"gin@v1.12.0/context.go:192","msg":"permission passed","service":"gateway","userID":0}
{"level":"INFO","ts":"2026-03-25 10:31:35","caller":"gin@v1.12.0/context.go:192","msg":"trace start","service":"gateway","traceID":"1774405895512300000","path":"/v1/auth/register"}
{"level":"INFO","ts":"2026-03-25 10:31:35","caller":"gin@v1.12.0/context.go:192","msg":"trace end","service":"gateway","traceID":"1774405895512300000","path":"/v1/auth/register","status":200,"latency":0.000027625}
{"level":"INFO","ts":"2026-03-25 10:31:35","caller":"middleware/logger.go:26","msg":"<--","service":"gateway","method":"POST","path":"/v1/auth/register","status":200,"latency":0.0015035}
{"level":"INFO","ts":"2026-03-25 10:56:57","caller":"middleware/logger.go:17","msg":"-->","service":"gateway","method":"POST","path":"/v1/auth/register","ip":"127.0.0.1"}
{"level":"DEBUG","ts":"2026-03-25 10:56:57","caller":"middleware/logger.go:23","msg":"trace start","service":"gateway","traceID":"","path":"/v1/auth/register"}
{"level":"INFO","ts":"2026-03-25 10:56:57","caller":"gin@v1.12.0/context.go:192","msg":"permission passed","service":"gateway","userID":0}
{"level":"INFO","ts":"2026-03-25 10:56:57","caller":"gin@v1.12.0/context.go:192","msg":"trace start","service":"gateway","traceID":"1774407417810572000","path":"/v1/auth/register"}
{"level":"INFO","ts":"2026-03-25 10:56:57","caller":"gin@v1.12.0/context.go:192","msg":"trace end","service":"gateway","traceID":"1774407417810572000","path":"/v1/auth/register","status":200,"latency":0.000051542}
{"level":"INFO","ts":"2026-03-25 10:56:57","caller":"middleware/logger.go:31","msg":"<--","service":"gateway","method":"POST","path":"/v1/auth/register","status":200,"latency":0.001343583}
{"level":"INFO","ts":"2026-03-25 10:57:36","caller":"middleware/logger.go:17","msg":"-->","service":"gateway","method":"POST","path":"/v1/auth/register","ip":"127.0.0.1"}
{"level":"DEBUG","ts":"2026-03-25 10:57:36","caller":"middleware/logger.go:23","msg":"trace start","service":"gateway","qqqqqqqqqqqqqq":"wwwwww"}
{"level":"INFO","ts":"2026-03-25 10:57:36","caller":"gin@v1.12.0/context.go:192","msg":"permission passed","service":"gateway","userID":0}
{"level":"INFO","ts":"2026-03-25 10:57:36","caller":"gin@v1.12.0/context.go:192","msg":"trace start","service":"gateway","traceID":"1774407456873315000","path":"/v1/auth/register"}
{"level":"INFO","ts":"2026-03-25 10:57:36","caller":"gin@v1.12.0/context.go:192","msg":"trace end","service":"gateway","traceID":"1774407456873315000","path":"/v1/auth/register","status":200,"latency":0.000024167}
{"level":"INFO","ts":"2026-03-25 10:57:36","caller":"middleware/logger.go:30","msg":"<--","service":"gateway","method":"POST","path":"/v1/auth/register","status":200,"latency":0.000320542}
